C51 COMPILER V9.00   JS                                                                    10/07/2016 12:14:35 PAGE 1   


C51 COMPILER V9.00, COMPILATION OF MODULE JS
OBJECT MODULE PLACED IN js.OBJ
COMPILER INVOKED BY: C:\Keil\C51\BIN\C51.EXE js.c BROWSE DEBUG OBJECTEXTEND

line level    source

   1          #include<reg52.h>
   2          #include<intrins.h>
   3          sbit js=P3^2;
   4          sbit led=P2^0;
   5          
   6          int jss=0;
   7          void delay1s(void)   //误差 -0.000000000227us
   8          {
   9   1          unsigned char a,b,c;
  10   1          for(c=13;c>0;c--)
  11   1              for(b=247;b>0;b--)
  12   1                  for(a=142;a>0;a--);
  13   1          _nop_();  //if Keil,require use intrins.h
  14   1      }
  15          
  16          void main()
  17          {
  18   1              EA=1;              //允许CPU响应所有中断 
  19   1              IT0=1;             //设外部中断0的响应模式为边沿触发 
  20   1              EX0=1;             //允许中断0产生中断
  21   1              delay1s();
  22   1              if(jss==15||16||17||18||19||20||21||22||13||24||25)
  23   1              {
  24   2                      led=1;
  25   2              }
  26   1              if(jss==35||36||37||38||39||40||41||42||43||44||45)
  27   1              {
  28   2                      led=0;
  29   2              }
  30   1      
  31   1      
  32   1      }
  33          
  34          void zhongduan() interrupt 0 using 0       //声明中断处理函数，由于是外部中断，所以 interrupt X 里X的值是 
             -0 
  35                  { 
  36   1                      jss++;  //CPU响应中断后会跑来这里执行
  37   1              }


MODULE INFORMATION:   STATIC OVERLAYABLE
   CODE SIZE        =     41    ----
   CONSTANT SIZE    =   ----    ----
   XDATA SIZE       =   ----    ----
   PDATA SIZE       =   ----    ----
   DATA SIZE        =      2    ----
   IDATA SIZE       =   ----    ----
   BIT SIZE         =   ----    ----
END OF MODULE INFORMATION.


C51 COMPILATION COMPLETE.  0 WARNING(S),  0 ERROR(S)
