C51 COMPILER V9.00   FAS                                                                   10/07/2016 12:10:11 PAGE 1   


C51 COMPILER V9.00, COMPILATION OF MODULE FAS
OBJECT MODULE PLACED IN fas.OBJ
COMPILER INVOKED BY: C:\Keil\C51\BIN\C51.EXE fas.c BROWSE DEBUG OBJECTEXTEND

line level    source

   1          #include<reg52.h>
   2          sbit led=P2^0;
   3          sbit open=P2^1;
   4          sbit close=P2^2;
   5          void delay(void)   //13us   Îó²î -1.064236111111us
   6          {
   7   1          unsigned char a;
   8   1          for(a=4;a>0;a--);
   9   1      }
  10          void delay50ms(void)   //Îó²î -0.000000000011us
  11          {
  12   1          unsigned char a,b,c;
  13   1          for(c=3;c>0;c--)
  14   1              for(b=44;b>0;b--)
  15   1                  for(a=173;a>0;a--);
  16   1      }
  17          
  18          void main()
  19          {
  20   1              int a;
  21   1              led=0;
  22   1              open=1;
  23   1              close=1;
  24   1              while(open==0)
  25   1              {
  26   2                      delay50ms();
  27   2                      if(open==0)
  28   2                      {
  29   3                              while(!open);
  30   3                              for(a=10;a>=0;a--)
  31   3                              {
  32   4                                      led=1;
  33   4                                      delay();
  34   4                                      led=0;
  35   4                                      delay();
  36   4                              }
  37   3                      }
  38   2                      open=1;
  39   2              }
  40   1              while(close==0)
  41   1              {
  42   2                      delay50ms();
  43   2                      if(close==0)
  44   2                      {
  45   3                              while(!close);
  46   3                              for(a=20;a>=0;a--)
  47   3                              {
  48   4                                      led=1;
  49   4                                      delay();
  50   4                                      led=0;
  51   4                                      delay();
  52   4                              }
  53   3                      }
  54   2                      close=1; 
  55   2              }
C51 COMPILER V9.00   FAS                                                                   10/07/2016 12:10:11 PAGE 2   

  56   1      }


MODULE INFORMATION:   STATIC OVERLAYABLE
   CODE SIZE        =    100    ----
   CONSTANT SIZE    =   ----    ----
   XDATA SIZE       =   ----    ----
   PDATA SIZE       =   ----    ----
   DATA SIZE        =   ----    ----
   IDATA SIZE       =   ----    ----
   BIT SIZE         =   ----    ----
END OF MODULE INFORMATION.


C51 COMPILATION COMPLETE.  0 WARNING(S),  0 ERROR(S)
