C51 COMPILER V9.00   KS_OUT                                                                02/28/2016 00:16:53 PAGE 1   


C51 COMPILER V9.00, COMPILATION OF MODULE KS_OUT
OBJECT MODULE PLACED IN ks_out.OBJ
COMPILER INVOKED BY: C:\Keil\C51\BIN\C51.EXE ks_out.c BROWSE DEBUG OBJECTEXTEND

line level    source

   1          #include<reg52.h>
   2          
   3          sbit sdi=P1^0;
   4          sbit lck=P1^4;
   5          sbit sck=P2^3;
   6          sbit ks_out=P2^7;
   7          unsigned char ks_b;
   8          
   9          
  10          void yanshi(int i)
  11          {
  12   1              int x,y;
  13   1         for(x=i;x>0;x--)
  14   1              for(y=114;y>0;y--);
  15   1      }
  16          
  17          void hc595(int m)
  18          {
  19   1              int a;
  20   1              sck=0;
  21   1              for(a=0;a<8;a++)
  22   1              {
  23   2                      lck=0;
  24   2                      sdi=(m<<a)&0x80;
  25   2                      lck=1;
  26   2              }
  27   1              sck=1;
  28   1              sdi=1;  
  29   1      }
  30          
  31          
  32          void main()
  33          {
  34   1              ks_out=1;
  35   1              hc595(0x00);
  36   1              ks_b=0;
  37   1              while(1)
  38   1              {
  39   2      if(ks_out==0)   //判断是否上升沿跳变， 有则又信号触发
  40   2               {
  41   3                yanshi(10);           //延时，再次判断是否有触发信号
  42   3                if(ks_out==0)
  43   3                {
  44   4                    
  45   4                        while(!ks_out);       //等待触发信号结束
  46   4                        yanshi(30);
  47   4                        ks_b=!ks_b;  //按位取反  则micb 只可能是两个值 0x00 0xff   //   micb=！micb； 逻辑 0 或 1
  48   4                        if(ks_b==0)
  49   4                                {
  50   5                                hc595(0x0a);//继电器闭合
  51   5                                yanshi(500);
  52   5                                }
  53   4                        if(ks_b==1)
  54   4                                {
  55   5                                hc595(0x02);//继电器断开
C51 COMPILER V9.00   KS_OUT                                                                02/28/2016 00:16:53 PAGE 2   

  56   5                                yanshi(500);
  57   5                            }
  58   4                }
  59   3               }
  60   2               }
  61   1      }


MODULE INFORMATION:   STATIC OVERLAYABLE
   CODE SIZE        =    166    ----
   CONSTANT SIZE    =   ----    ----
   XDATA SIZE       =   ----    ----
   PDATA SIZE       =   ----    ----
   DATA SIZE        =      1       2
   IDATA SIZE       =   ----    ----
   BIT SIZE         =   ----    ----
END OF MODULE INFORMATION.


C51 COMPILATION COMPLETE.  0 WARNING(S),  0 ERROR(S)
