C51 COMPILER V9.00   DS13B20                                                               02/11/2019 13:04:51 PAGE 1   


C51 COMPILER V9.00, COMPILATION OF MODULE DS13B20
OBJECT MODULE PLACED IN ds13b20.OBJ
COMPILER INVOKED BY: C:\Keil\C51\BIN\C51.EXE ds13b20.c BROWSE DEBUG OBJECTEXTEND

line level    source

   1          #include<reg52.h>
   2          #include<intrins.h>
   3          
   4          #define uchar unsigned char
   5          #define uint unsigned int
   6          
   7          sbit DSPORT=P3^2;        //总线
   8          
   9          sbit ge=P3^3;    //第三位       高电平触发
  10          sbit shi=P3^4;   //第二位
  11          sbit bai=P3^5;   //第一位
  12          
  13          sbit ledg=P3^6;    //负值       高电平触发
  14          sbit ledr=P3^7;    //正值
  15          
  16          sbit a=P2^0;
  17          sbit b=P2^1;
  18          sbit c=P2^2;
  19          sbit d=P2^3;
  20          sbit e=P2^4;
  21          sbit f=P2^5;
  22          sbit g=P2^6;
  23          sbit dp=P2^7;
  24          
  25          void open()              //板卡初始化
  26          {
  27   1              DSPORT=1;
  28   1      
  29   1              ledg=0;
  30   1              ledr=0;
  31   1      
  32   1              ge=0;
  33   1              shi=0;
  34   1              bai=0;
  35   1      
  36   1      }
  37          
  38          void Delay1ms(uint y)
  39          {
  40   1              uint x;
  41   1              for(;y>0;y--)
  42   1              {
  43   2                      for(x=110;x>0;x--);     
  44   2              }
  45   1      }
  46          uchar Ds18b20Init()
  47          {
  48   1              uchar i=0;
  49   1              DSPORT=0;
  50   1              i=70;
  51   1              while(i--);
  52   1              DSPORT=1; 
  53   1              i=0;
  54   1              while(DSPORT)
  55   1              {
C51 COMPILER V9.00   DS13B20                                                               02/11/2019 13:04:51 PAGE 2   

  56   2                      Delay1ms(1);
  57   2                      i++;
  58   2                      if(i>5)
  59   2                      {
  60   3                              return 0;
  61   3                      }
  62   2                      
  63   2              }
  64   1              return 1;
  65   1      }
  66          void DsWriteByte(uchar dat)
  67          {
  68   1              uchar i,j;
  69   1              for(j=0;j<8;j++)
  70   1              {
  71   2                      DSPORT=0;
  72   2                      DSPORT=dat&0x01;
  73   2                      i=6;
  74   2                      while(i--);
  75   2                      DSPORT=1; 
  76   2                      dat>>=1;
  77   2              }
  78   1      }
  79          uchar DsReadByte()
  80          {
  81   1              uint i,j;
  82   1              uchar bi,byte;  
  83   1              for(j=8;j>0;j--)
  84   1              {
  85   2                      DSPORT=0; 
  86   2                      i++;
  87   2                      DSPORT=1;
  88   2                      i++;
  89   2                      i++;
  90   2                      bi=DSPORT;
  91   2                      byte=(byte>>1)|(bi<<7);
  92   2                      i=4;
  93   2                      while(i--);
  94   2              }
  95   1              return byte;
  96   1      }
  97                          
  98          void DSchangetemp()
  99          {
 100   1              Ds18b20Init();
 101   1              Delay1ms(1);
 102   1              DsWriteByte(0XCC);
 103   1              DsWriteByte(0x44);
 104   1      }
 105          
 106          void DSreadtempcom()
 107          {
 108   1              Ds18b20Init();
 109   1              Delay1ms(1);
 110   1              DsWriteByte(0XCC);
 111   1              DsWriteByte(0xbe);
 112   1      }
 113          
 114          int DSreadtemp()
 115          {
 116   1              int temp=0;
 117   1              uchar tmh,tml;
C51 COMPILER V9.00   DS13B20                                                               02/11/2019 13:04:51 PAGE 3   

 118   1              DSchangetemp();
 119   1              DSreadtempcom();
 120   1              tml=DsReadByte();
 121   1              tmh=DsReadByte(); 
 122   1              temp=tmh;
 123   1              temp<<=8;
 124   1              temp|=tml;
 125   1              return temp;
 126   1      }
 127          
 128          void Delay(uchar m)
 129          {
 130   1              unsigned char ab, bc;
 131   1              for(; m > 0; m--)
 132   1                      for(bc = 142; bc > 0; bc--)
 133   1                              for(ab = 2; ab > 0; ab--);
 134   1      }
 135          
 136          
 137          void duan(int z,p)
 138          {
 139   1              switch(z)
 140   1              {
 141   2                      case 0:a=1;b=0;c=0;d=0;e=0;f=0;g=0;dp=1;break;
 142   2                      case 1:a=1;b=1;c=1;d=0;e=1;f=1;g=0;dp=1;break;
 143   2                      case 2:a=0;b=1;c=0;d=0;e=0;f=0;g=1;dp=1;break;
 144   2                      case 3:a=0;b=1;c=0;d=0;e=1;f=0;g=0;dp=1;break;
 145   2                      case 4:a=0;b=0;c=1;d=0;e=1;f=1;g=0;dp=1;break;
 146   2                      case 5:a=0;b=0;c=0;d=1;e=1;f=0;g=0;dp=1;break;
 147   2                      case 6:a=0;b=0;c=0;d=1;e=0;f=0;g=0;dp=1;break;
 148   2                      case 7:a=1;b=1;c=0;d=0;e=1;f=1;g=0;dp=1;break;
 149   2                      case 8:a=0;b=0;c=0;d=0;e=0;f=0;g=0;dp=1;break;
 150   2                      case 9:a=0;b=0;c=0;d=0;e=1;f=0;g=0;dp=1;break;
 151   2                      case 10:a=1;b=1;c=1;d=1;e=1;f=1;g=1;dp=1;break;
 152   2              }
 153   1              if(p==0)
 154   1              {
 155   2                      dp=0;
 156   2              }
 157   1      
 158   1      }
 159          
 160          void wei(int x)
 161          {
 162   1              if(x==1)
 163   1              {
 164   2                      shi=0;
 165   2                      ge=0;
 166   2                      bai=1;
 167   2              }
 168   1              else if(x==2)
 169   1              {
 170   2                      bai=0;
 171   2                      ge=0;
 172   2                      shi=1;
 173   2              }
 174   1              else if(x==3)
 175   1              {
 176   2                      bai=0;
 177   2                      shi=0;
 178   2                      ge=1;
 179   2              }
C51 COMPILER V9.00   DS13B20                                                               02/11/2019 13:04:51 PAGE 4   

 180   1      }
 181          
 182          void main()
 183          {
 184   1              int temp;
 185   1              int one;
 186   1              int two;
 187   1              int three;
 188   1              int threeb;
 189   1              int sleep=20;
 190   1              float tp;
 191   1      
 192   1              open();
 193   1              while(1)
 194   1              {
 195   2      
 196   2                      temp=DSreadtemp();
 197   2                      if(temp>0)                 
 198   2                      {
 199   3                              ledg=0;
 200   3                              ledr=1;
 201   3                      }
 202   2                      else
 203   2                      {
 204   3                              ledg=1;
 205   3                              ledr=0;
 206   3                      }
 207   2                      if(temp<0)
 208   2                      {
 209   3                              temp=temp-1;
 210   3                              temp=~temp;
 211   3                              tp=temp;
 212   3                              temp=tp*0.0625*100+0.5;
 213   3                      }        
 214   2                      else
 215   2                      {
 216   3                              tp=temp;
 217   3                              temp=tp*0.0625*100+0.5;
 218   3                      }
 219   2                      
 220   2                      one=temp/10000;
 221   2                      two=temp%10000/1000;
 222   2                      three=temp%10000%1000/100;
 223   2                      threeb=temp%100/10;
 224   2                      
 225   2                      if(one!=0)
 226   2                      {
 227   3                              wei(1);
 228   3                              duan(one,1);
 229   3                              Delay(sleep);
 230   3              
 231   3                              wei(2);
 232   3                              duan(two,1);
 233   3                              Delay(sleep-3);
 234   3              
 235   3                              wei(3);
 236   3                              duan(three,0);
 237   3                              Delay(sleep-17);
 238   3                      }
 239   2                      else if(one==0)
 240   2                      {
 241   3                              wei(1);
C51 COMPILER V9.00   DS13B20                                                               02/11/2019 13:04:51 PAGE 5   

 242   3                              duan(two,1);
 243   3                              Delay(sleep);
 244   3              
 245   3                              wei(2);
 246   3                              duan(three,0);
 247   3                              Delay(sleep-3);
 248   3      
 249   3                              wei(3);
 250   3                              duan(threeb,1);
 251   3                              Delay(sleep-17);
 252   3                      }
 253   2              }
 254   1      
 255   1      }


MODULE INFORMATION:   STATIC OVERLAYABLE
   CODE SIZE        =    817    ----
   CONSTANT SIZE    =   ----    ----
   XDATA SIZE       =   ----    ----
   PDATA SIZE       =   ----    ----
   DATA SIZE        =   ----      15
   IDATA SIZE       =   ----    ----
   BIT SIZE         =   ----    ----
END OF MODULE INFORMATION.


C51 COMPILATION COMPLETE.  0 WARNING(S),  0 ERROR(S)
