C51 COMPILER V9.00   LED_物血糖                                                           11/11/2017 23:26:03 PAGE 1   


C51 COMPILER V9.00, COMPILATION OF MODULE LED_物血糖
OBJECT MODULE PLACED IN LED生物血糖.OBJ
COMPILER INVOKED BY: C:\Keil\C51\BIN\C51.EXE LED生物血糖.c BROWSE DEBUG OBJECTEXTEND

line level    source

   1          #include<reg52.h>
   2          #include<stdio.h>
   3          #include<math.h>
   4          //参数
   5          int x=50;//血糖浓度0~100，初始化50(0：死亡    0~25：低     >=75:高)
   6          int k=0;//嘴中食物,  初始化0
   7          int w=0;//胃中食物,  初始化0
   8          int zt;   //下丘脑与胰岛AB状态
   9          int xt; //血糖
  10          int gt;//储备的肝糖原
  11          
  12          //指示 (高电平触发)
  13          sbit led1=P1^0;                 //血糖指示灯
  14          sbit led2=P1^1;                 //1:正常2:高3:低
  15          sbit led3=P1^2;
  16          
  17          sbit eat=P1^3;                  //进食  eat:指示灯  eat_s:按键
  18          sbit eat_s=P3^2;        //按键P3^2(10k拉低触发)            中断IT0
  19          
  20          sbit wei=P1^4;                   //胃
  21          
  22          sbit xues=P1^5;                  //血浆血糖变化 xues:上升 xuej:下降
  23          sbit xuej=P1^6;
  24          
  25          sbit xqn=P1^7;                   //下丘脑
  26          
  27          sbit yda=P3^0;                   //胰岛细胞AB
  28          sbit ydb=P3^1;
  29          
  30          sbit dead=P2^0;                   //生命活动停止
  31          sbit gt_s=P2^1;                    //肝糖原有无
  32          
  33          
  34          //aneat  中断函数 P3^2  IT0
  35          void aneat(int a)                       //1打开    0关闭
  36          {
  37   1              if(a==1)
  38   1              {
  39   2                      EA=1;    //总中断 打开
  40   2                      EX0=1;   //外部中断 打开
  41   2                      IT0=1;   //INT0（P3^2）下降沿触发
  42   2              }
  43   1              else if(a==0)
  44   1              {
  45   2                      EA=0;
  46   2              }
  47   1      }
  48          
  49          //板卡初始化
  50          void play()
  51          {
  52   1              P1=02;     //八进制初始化P1             (10000000)B
  53   1              eat_s=1;           
  54   1              dead=0;
  55   1              yda=0;
C51 COMPILER V9.00   LED_物血糖                                                           11/11/2017 23:26:03 PAGE 2   

  56   1              ydb=0;
  57   1      }
  58          
  59          //延时 N ms  (11.0592MHz)
  60          void delay_ms(unsigned int i)
  61          {
  62   1              unsigned int j;
  63   1              for(;i>0;i--)
  64   1                      for(j=0;j<125;j++)
  65   1                      {
  66   2                              ;
  67   2                      }
  68   1      }
  69          
  70          //生命体征判断函数                
  71          int xue()
  72          {
  73   1                      if(xt==0)                                          //死亡
  74   1                      {
  75   2                              aneat(0);
  76   2                              P1=00;
  77   2                              eat_s=1;
  78   2                              dead=1;
  79   2                              yda=0;
  80   2                              ydb=0;
  81   2                              while(1);       
  82   2                      }
  83   1                      else if((xt>25)&&(xt<75))                       //血糖正常                      (返回0）
  84   1                      {
  85   2                              led2=0;
  86   2                              led3=0;
  87   2                              led1=1;
  88   2                              return 0;
  89   2                      }
  90   1                      else if(xt>=75)                                 //血糖高                                         （返回10）
  91   1                      {
  92   2                              led1=0;
  93   2                              led3=0;
  94   2                              led2=1;
  95   2                              return 10;
  96   2                      }
  97   1                      else if((xt>0)&&(xt<=25))       //血糖低                                          （返回1）
  98   1                      {
  99   2                              led1=0;
 100   2                              led2=0;
 101   2                              led3=1;
 102   2                              return 1;
 103   2                      }               
 104   1      }
 105          
 106          
 107          //主函数
 108          void main()
 109          {
 110   1              play();            //板卡初始化
 111   1              aneat(1);               //打开中断
 112   1      
 113   1              gt=20;          //初始化肝糖原储备
 114   1              xt=x;            //初始化血浆浓度
 115   1              zt=0;              //初始化 胰岛，下丘脑 状态
 116   1      
 117   1              xue();                  //更新生命体征
C51 COMPILER V9.00   LED_物血糖                                                           11/11/2017 23:26:03 PAGE 3   

 118   1      
 119   1              while(1)                                   //死循环，防止跑飞
 120   1              {
 121   2                      if(gt>0)                                //显示肝糖原
 122   2                      {
 123   3                              gt_s=1;
 124   3                      }
 125   2      
 126   2                      delay_ms(200);            //血糖同步降低
 127   2                      xuej=1;
 128   2                      delay_ms(300);
 129   2                      xuej=0;
 130   2                      xt-=1;
 131   2                      xue();
 132   2                                               
 133   2                      while(k>0)                                               //口中食物转移到胃中     （k-->w）
 134   2                      {
 135   3                              delay_ms(150);
 136   3                              wei=1;
 137   3                              delay_ms(150);
 138   3                              wei=0;
 139   3                              k-=1;
 140   3                              w+=1;
 141   3                              xue();
 142   3                      }
 143   2                                                                                                               
 144   2                      while(w>0)                //消化吸收              (w-->xt)
 145   2                      {
 146   3                              delay_ms(200);
 147   3                              xues=1;
 148   3                              wei=0;
 149   3                              delay_ms(200);
 150   3                              xues=0;
 151   3                              wei=1;
 152   3                              w-=1;
 153   3                              xt+=1;
 154   3                              xue();
 155   3                              if(w==0)
 156   3                              {
 157   4                                      wei=0;
 158   4                              }
 159   3                      }
 160   2      
 161   2      
 162   2                      zt=xue();                                                  //收集生命体征给下丘脑与胰岛AB
 163   2                      if(zt==10)                                                      //血糖教高，下丘脑 刺激 胰岛B细胞 ， 血糖 下降到正常值
 164   2                      {
 165   3                              delay_ms(600);
 166   3                              while(xt>=50)
 167   3                              {
 168   4                                      xqn=1;                                    
 169   4                                      ydb=1;                                          
 170   4      
 171   4                                      xuej=1;                                           //血糖下降 ,肝糖原变多
 172   4                                      delay_ms(100);
 173   4                                      xt-=1;                                             
 174   4                                      gt+=1;
 175   4                                      xuej=0;
 176   4                                      delay_ms(100);
 177   4                                      xue();
 178   4      
 179   4                                      if(gt>0)                                
C51 COMPILER V9.00   LED_物血糖                                                           11/11/2017 23:26:03 PAGE 4   

 180   4                                      {
 181   5                                              gt_s=1;
 182   5                                      }
 183   4                              }
 184   3                              xqn=0;
 185   3                              ydb=0;
 186   3                      }
 187   2      
 188   2                      if((zt==1)&&(gt>0))                                             //血糖较低， 下丘脑 刺激 胰岛A细胞 ， 血糖 上升到正常值
 189   2                      {
 190   3                              delay_ms(600);
 191   3                              while(gt>0)
 192   3                              {
 193   4                                      xqn=1;                                    
 194   4                                      yda=1;                                          
 195   4      
 196   4                                      xues=1;                                           //血糖上升 ,肝糖原变少
 197   4                                      delay_ms(100);
 198   4                                      xt+=1;                                             
 199   4                                      gt-=1;
 200   4                                      xues=0;
 201   4                                      delay_ms(100);
 202   4                                      xue();
 203   4                                      if(xt==50)
 204   4                                      {
 205   5                                              xqn=0;
 206   5                                              yda=0;
 207   5                                              break;
 208   5                                      }       
 209   4                              }
 210   3                              xqn=0;
 211   3                              yda=0;
 212   3                              if(gt==0)
 213   3                              {
 214   4                                      gt_s=0;
 215   4                              }               
 216   3                      }
 217   2      
 218   2      
 219   2      
 220   2              }               
 221   1      }
 222          
 223          
 224          //中断触发
 225          void zhongduan() interrupt 0
 226          {
 227   1              if(eat_s==0)                                    //喂食
 228   1                      {
 229   2                      delay_ms(25);
 230   2                      if(eat_s==0)
 231   2                              {
 232   3                              xuej=0;
 233   3                              xues=0;
 234   3                              wei=0;
 235   3                              while((k>=0)&&(k<=100))
 236   3                                      {
 237   4                                              if(eat_s==0)
 238   4                                              {
 239   5                                                      delay_ms(100);
 240   5                                                      eat=1;
 241   5                                                      delay_ms(100);
C51 COMPILER V9.00   LED_物血糖                                                           11/11/2017 23:26:03 PAGE 5   

 242   5                                                      eat=0;
 243   5                                                      k+=1;
 244   5                                                      xue();
 245   5                                              }
 246   4                                                      if(eat_s==1)
 247   4                                                      {
 248   5                                                              break;
 249   5                                                      }
 250   4                                      }               
 251   3                              } 
 252   2                      }                                       
 253   1      }
*** WARNING C291 IN LINE 104 OF LED生物血糖.C: not every exit path returns a value


MODULE INFORMATION:   STATIC OVERLAYABLE
   CODE SIZE        =    671    ----
   CONSTANT SIZE    =   ----    ----
   XDATA SIZE       =   ----    ----
   PDATA SIZE       =   ----    ----
   DATA SIZE        =     12    ----
   IDATA SIZE       =   ----    ----
   BIT SIZE         =   ----    ----
END OF MODULE INFORMATION.


C51 COMPILATION COMPLETE.  1 WARNING(S),  0 ERROR(S)
