C51 COMPILER V9.00   LED0                                                                  01/05/2016 09:05:04 PAGE 1   


C51 COMPILER V9.00, COMPILATION OF MODULE LED0
OBJECT MODULE PLACED IN led0.OBJ
COMPILER INVOKED BY: C:\Keil\C51\BIN\C51.EXE led0.c BROWSE DEBUG OBJECTEXTEND

line level    source

   1          #include<reg52.h>
   2          sbit led=P1^0;
   3          sbit led1=P1^1;
   4          sbit led2=P1^2;
   5          sbit led3=P1^3;
   6          sbit led4=P1^4;
   7          sbit led5=P1^5;
   8          sbit led6=P1^6;
   9          sbit led7=P1^7;
  10          void main()
  11          {
  12   1              int M=500;
  13   1              unsigned char a,b;
  14   1              while(1)
  15   1              {
  16   2                      led=0;
  17   2                  for(a=M;a>0;a--)
  18   2                      {
  19   3                              for(b=114;b>0;b--);
  20   3                      }
  21   2                      led=1;
  22   2      
  23   2      
  24   2                      led1=0;
  25   2                  for(a=M;a>0;a--)
  26   2                      {
  27   3                              for(b=114;b>0;b--);
  28   3                      }
  29   2                      led1=1;
  30   2      
  31   2      
  32   2                      led2=0;
  33   2                  for(a=M;a>0;a--)
  34   2                      {
  35   3                              for(b=114;b>0;b--);
  36   3                      }
  37   2                      led2=1;
  38   2      
  39   2      
  40   2                      led3=0;
  41   2                  for(a=M;a>0;a--)
  42   2                      {
  43   3                              for(b=114;b>0;b--);
  44   3                      }
  45   2                      led3=1;
  46   2      
  47   2      
  48   2                      led4=0;
  49   2                  for(a=M;a>0;a--)
  50   2                      {
  51   3                              for(b=114;b>0;b--);
  52   3                      }
  53   2                      led4=1;
  54   2      
  55   2      
C51 COMPILER V9.00   LED0                                                                  01/05/2016 09:05:04 PAGE 2   

  56   2                      led5=0;
  57   2                  for(a=M;a>0;a--)
  58   2                      {
  59   3                              for(b=114;b>0;b--);
  60   3                      }
  61   2                      led5=1;
  62   2      
  63   2      
  64   2                      led6=0;
  65   2                  for(a=M;a>0;a--)
  66   2                      {
  67   3                              for(b=114;b>0;b--);
  68   3                      }
  69   2                      led6=1;
  70   2      
  71   2                      led7=0;
  72   2                      for(a=M;a>0;a--)
  73   2                      {
  74   3                              for(b=114;b>0;b--);
  75   3                      }
  76   2                      led7=1;
  77   2              }       
  78   1      }


MODULE INFORMATION:   STATIC OVERLAYABLE
   CODE SIZE        =    159    ----
   CONSTANT SIZE    =   ----    ----
   XDATA SIZE       =   ----    ----
   PDATA SIZE       =   ----    ----
   DATA SIZE        =   ----    ----
   IDATA SIZE       =   ----    ----
   BIT SIZE         =   ----    ----
END OF MODULE INFORMATION.


C51 COMPILATION COMPLETE.  0 WARNING(S),  0 ERROR(S)
