C51 COMPILER V9.00   LED                                                                   01/01/2002 01:40:02 PAGE 1   


C51 COMPILER V9.00, COMPILATION OF MODULE LED
OBJECT MODULE PLACED IN led.OBJ
COMPILER INVOKED BY: C:\Keil\C51\BIN\C51.EXE led.c BROWSE DEBUG OBJECTEXTEND

line level    source

   1          /* ************************************************************************************
   2                                                                                                                                                                                    *
   3          C mask工作室出品   QQ群：512023245                                                                                                        *
   4          作者：杜                                                                                                                                                          *
   5                                                                                                                                                                                    *
   6                                                                                                                                                                                    *
   7                                                                                                                                                                                    *
   8          说明：                                                                                                                                                            *
   9           本程序适用于51单片机    【单片机：STC 89C52RC    开发板：Easy Board 51                           *
  10                                                                    版本：XK-0 V5.0】                       *
  11           本程序将实现 点亮P1^0口的LED灯然后关闭                                           *
  12           ***************************************************************************************/
  13          
  14          
  15          #include<reg52.h>
  16          
  17          sbit led0=P1^0;    // 申明
  18          
  19          unsigned int a,b,c;       //   定义无符号整形变量 a b c 
  20          
  21          void main()                       //主函数
  22          {
  23   1              c=1000;//1s
  24   1              while(1)
  25   1              {
  26   2                      led0=0;         //      输入低电平
  27   2      
  28   2                      for(a=c;a>0;a--)                  //延时
  29   2                      {
  30   3                              for(b=114;b>0;b--);
  31   3                      }
  32   2      
  33   2                      led0=1;           //   输入高电平
  34   2      
  35   2                        for(a=1000;a>0;a--)    //       延时
  36   2                      {
  37   3                              for(b=114;b>0;b--);
  38   3                      }
  39   2      
  40   2              }
  41   1      }


MODULE INFORMATION:   STATIC OVERLAYABLE
   CODE SIZE        =    104    ----
   CONSTANT SIZE    =   ----    ----
   XDATA SIZE       =   ----    ----
   PDATA SIZE       =   ----    ----
   DATA SIZE        =      6    ----
   IDATA SIZE       =   ----    ----
   BIT SIZE         =   ----    ----
END OF MODULE INFORMATION.


C51 COMPILATION COMPLETE.  0 WARNING(S),  0 ERROR(S)
