C51 COMPILER V9.00   A                                                                     04/06/2021 20:50:04 PAGE 1   


C51 COMPILER V9.00, COMPILATION OF MODULE A
OBJECT MODULE PLACED IN a.OBJ
COMPILER INVOKED BY: D:\Program Files (x86)\keil\C51\BIN\C51.EXE a.c OPTIMIZE(8,SPEED) BROWSE DEBUG OBJECTEXTEND TABS(2)

line level    source

   1          #include"eboard.h"
   2          #include<reg52.h>
   3          
   4          void main()
   5          {
   6   1        unsigned char b;
   7   1        init_1602();
   8   1        while(1)
   9   1        {
  10   2      
  11   2        }
  12   1      }
*** WARNING C280 IN LINE 6 OF A.C: 'b': unreferenced local variable


MODULE INFORMATION:   STATIC OVERLAYABLE
   CODE SIZE        =      5    ----
   CONSTANT SIZE    =   ----    ----
   XDATA SIZE       =   ----    ----
   PDATA SIZE       =   ----    ----
   DATA SIZE        =   ----       1
   IDATA SIZE       =   ----    ----
   BIT SIZE         =   ----    ----
END OF MODULE INFORMATION.


C51 COMPILATION COMPLETE.  1 WARNING(S),  0 ERROR(S)
