C51 COMPILER V9.00   DS1302                                                                07/22/2018 13:48:10 PAGE 1   


C51 COMPILER V9.00, COMPILATION OF MODULE DS1302
OBJECT MODULE PLACED IN ds1302.OBJ
COMPILER INVOKED BY: C:\Keil\C51\BIN\C51.EXE ds1302.c OPTIMIZE(7,SPEED) BROWSE DEBUG OBJECTEXTEND

line level    source

   1          #include<reg52.h>
   2          #include<intrins.h>
   3          
   4          #define unchar unsigned char
   5          
   6          #define READ_MINUTE   0x83       //分
   7          #define WRITE_MINUTE  0x82
   8          
   9          #define READ_HOUR     0x85        //时
  10          #define WRITE_HOUR    0x84
  11          
  12          #define WRITE_SECOND  0x80        //秒
  13          #define READ_SECOND   0x81
  14          
  15          #define WRITE_PROTECT 0x8E        //保护
  16          
  17          #define READ_DATE     0x87        //号
  18          #define WRITE_DATE    0x86
  19          
  20          #define READ_MONTH    0x89         //月
  21          #define WRITE_MONTH   0x88
  22          
  23          #define READ_DAY      0x8B         //星期
  24          #define WRITE_DAY     0x8A
  25          
  26          #define READ_YEAR     0x8D         //年
  27          #define WRITE_YEAR    0x8C
  28          
  29          sbit ACC_7=ACC^7;                       //累加器
  30          
  31          sbit SCLK=P3^7;                 
  32          sbit DIO=P3^6;                    
  33          sbit CE=P3^5;
  34          
  35          sbit beed=P3^4;                     
  36          sbit sled=P2^0;
  37          sbit wei=P2^2;
  38          sbit duan=P2^3;
  39          sbit week=P2^1;
  40          
  41          sbit one=P2^4;
  42          sbit two=P2^5;
  43          sbit three=P2^6;
  44          sbit four=P2^7;
  45          /*
  46          sbit p0=P1^0;
  47          sbit p1=P1^1;
  48          sbit p2=P1^2;
  49          sbit p3=P1^3;
  50          sbit p4=P1^4;
  51          sbit p5=P1^5;
  52          sbit p6=P1^6;
  53          sbit p7=P1^7;
  54          */
  55          int sleep(int a)
C51 COMPILER V9.00   DS1302                                                                07/22/2018 13:48:10 PAGE 2   

  56          {
  57   1              int x,y;
  58   1              for(x=a;x>0;x--)
  59   1                      for(y=114;y>0;y--);
  60   1              return 0;
  61   1      }
  62          
  63          unchar TOTEN(unchar dat)
  64          {
  65   1          unchar dat1;                                   //BCD8421转十进制
  66   1          dat1=dat/16;                          
  67   1          dat=dat%16;                        
  68   1          dat=dat+dat1*10;
  69   1          return(dat);
  70   1      }
  71          unchar TOBDC(unchar dat)                //十进制转BCD8421
  72          {
  73   1              unchar m,n;
  74   1              m=dat/10;
  75   1              n=dat%10;
  76   1              dat=m*16+n;
  77   1              return(dat);
  78   1      }
  79          
  80          void Write1302(unchar addr,dat)     
  81          {
  82   1              unchar i,temp;
  83   1          CE=0;
  84   1              _nop_();                     
  85   1          SCLK=0;
  86   1              _nop_();                   
  87   1          CE=1;
  88   1              _nop_();                     
  89   1          for(i=8;i>0;i--) 
  90   1              {     
  91   2                      SCLK=0;
  92   2                      _nop_();
  93   2              temp=addr;
  94   2              DIO=(bit)(temp&0x01);
  95   2                      _nop_();       
  96   2              addr>>=1;               
  97   2              SCLK=1;
  98   2                      _nop_();
  99   2              }
 100   1              for(i=8;i>0;i--) 
 101   1              {     
 102   2                      SCLK=0;
 103   2                      _nop_();
 104   2              temp=dat;
 105   2              DIO=(bit)(temp&0x01);
 106   2                      _nop_();          
 107   2              dat>>=1;                   
 108   2              SCLK=1;
 109   2                      _nop_();
 110   2              }
 111   1              CE=0;
 112   1              _nop_();         
 113   1      }
 114          
 115          unchar Read1302(unchar addr)
 116          {
 117   1              unchar i,temp;
C51 COMPILER V9.00   DS1302                                                                07/22/2018 13:48:10 PAGE 3   

 118   1          CE=0;
 119   1              _nop_();           
 120   1          SCLK=0;
 121   1              _nop_();             
 122   1          CE=1;
 123   1              _nop_();  
 124   1              for(i=8;i>0;i--)                   
 125   1              {     
 126   2                      SCLK=0;
 127   2                      _nop_();
 128   2              temp=addr;
 129   2              DIO=(bit)(temp&0x01);
 130   2                      _nop_();         
 131   2              addr>>=1;                             
 132   2              SCLK=1;
 133   2                      _nop_();
 134   2              }
 135   1              for(i=8;i>0;i--) 
 136   1              {
 137   2                      SCLK=1;
 138   2                      _nop_();
 139   2              ACC_7=DIO;
 140   2              SCLK=0;
 141   2                      _nop_();
 142   2              ACC>>=1;
 143   2              }     
 144   1              CE=0;
 145   1              _nop_();
 146   1              return(ACC);
 147   1      }
 148          
 149          void Initial()                  //ds1302初始化
 150          { 
 151   1              Write1302(WRITE_PROTECT,0X00);     
 152   1          Write1302(WRITE_SECOND,0x56);          
 153   1          Write1302(WRITE_MINUTE,0x34);     
 154   1          Write1302(WRITE_HOUR,0x12);        
 155   1          Write1302(WRITE_PROTECT,0x80);                
 156   1      }
 157          
 158          int openwei(int a)              //wei选择位选 
 159          {
 160   1              if(a==0){wei=1;_nop_();P1=0xf0;_nop_();wei=0;week=0;}
 161   1              if(a==1){wei=1;_nop_();P1=0x70;_nop_();wei=0;week=0;}
 162   1              if(a==2){wei=1;P1=0xb0;wei=0;week=0;}
 163   1              if(a==3){wei=1;P1=0xd0;wei=0;week=0;}
 164   1              if(a==4){wei=1;P1=0xe0;wei=0;week=0;}
 165   1              if(a==5){wei=1;P1=0xf8;wei=0;week=0;}           
 166   1              if(a==6){wei=1;P1=0xf4;wei=0;week=0;}           
 167   1              if(a==7){wei=1;P1=0xf2;wei=0;week=0;}           
 168   1              if(a==8){wei=1;P1=0xf1;wei=0;week=0;}           
 169   1              if(a==9){wei=1;P1=0xf0;wei=0;week=1;}
 170   1              return 0;
 171   1      }       
 172          
 173          int openduan(int d,a)           //duan选择位 a显示数
 174          {
 175   1              if(d==1||d==2||d==3||d==4)
 176   1              {
 177   2                      if(a==0){duan=1;_nop_();P1=0x7e;_nop_();duan=0;}
 178   2                      if(a==1){duan=1;P1=0x12;duan=0;}
 179   2                      if(a==2){duan=1;P1=0xbc;duan=0;}
C51 COMPILER V9.00   DS1302                                                                07/22/2018 13:48:10 PAGE 4   

 180   2                      if(a==3){duan=1;P1=0xb6;duan=0;}
 181   2                      if(a==4){duan=1;P1=0xd2;duan=0;}
 182   2                      if(a==5){duan=1;P1=0xe6;duan=0;}
 183   2                      if(a==6){duan=1;P1=0xee;duan=0;}
 184   2                      if(a==7){duan=1;P1=0x32;duan=0;}
 185   2                      if(a==8){duan=1;P1=0xfe;duan=0;}
 186   2                      if(a==9){duan=1;P1=0xf6;duan=0;}
 187   2                      if(a==10){duan=1;P1=0x01;duan=0;}
 188   2                      if(a==11){duan=1;P1=0x00;duan=0;}                                                               
 189   2              }
 190   1              else if(d==6||d==7||d==8||d==9)
 191   1              {
 192   2                      if(a==0){duan=1;P1=0x83;duan=0;}
 193   2                      if(a==1){duan=1;P1=0xed;duan=0;}
 194   2                      if(a==2){duan=1;P1=0x43;duan=0;}
 195   2                      if(a==3){duan=1;P1=0xc9;duan=0;}
 196   2                      if(a==4){duan=1;P1=0x2d;duan=0;}
 197   2                      if(a==5){duan=1;P1=0x19;duan=0;}
 198   2                      if(a==6){duan=1;P1=0x11;duan=0;}
 199   2                      if(a==7){duan=1;P1=0xcd;duan=0;}
 200   2                      if(a==8){duan=1;P1=0x81;duan=0;}
 201   2                      if(a==9){duan=1;P1=0x09;duan=0;}
 202   2                      if(a==10){duan=1;P1=0xfe;duan=0;}
 203   2                      if(a==11){duan=1;P1=0xff;duan=0;}
 204   2              }
 205   1              else if(d==5)
 206   1              {
 207   2                      if(a==0){duan=1;P1=0x81;duan=0;}
 208   2                      if(a==1){duan=1;P1=0xed;duan=0;}
 209   2                      if(a==2){duan=1;P1=0xc2;duan=0;}
 210   2                      if(a==3){duan=1;P1=0xc8;duan=0;}
 211   2                      if(a==4){duan=1;P1=0xac;duan=0;}
 212   2                      if(a==5){duan=1;P1=0x98;duan=0;}
 213   2                      if(a==6){duan=1;P1=0x90;duan=0;}
 214   2                      if(a==7){duan=1;P1=0xcd;duan=0;}
 215   2                      if(a==8){duan=1;P1=0x80;duan=0;}
 216   2                      if(a==9){duan=1;P1=0x88;duan=0;}
 217   2                      if(a==10){duan=1;P1=0x7f;duan=0;}
 218   2                      if(a==11){duan=1;P1=0xff;duan=0;}
 219   2              }
 220   1              return 0;
 221   1      }
 222          
 223          void start()                            //板卡初始化
 224          {
 225   1              sled=0;
 226   1              beed=0;
 227   1      
 228   1              CE=0;
 229   1              DIO=0;
 230   1              SCLK=1;
 231   1      
 232   1              openwei(0);
 233   1              one=1;
 234   1              two=1;
 235   1              three=1;
 236   1              four=1;
 237   1              
 238   1              sled=1;
 239   1              beed=1;         
 240   1      }
 241          
C51 COMPILER V9.00   DS1302                                                                07/22/2018 13:48:10 PAGE 5   

 242          void main()
 243          {
 244   1              //int aa;
 245   1              //int bc;
 246   1              start();
 247   1              Initial();                       
 248   1              beed=0;
 249   1              openwei(0);
 250   1              sleep(50);
 251   1              openduan(2,1);
 252   1              sleep(1000);
 253   1              beed=1;
 254   1              sleep(500);
 255   1      
 256   1              //while(1);
 257   1              
 258   1              
 259   1              
 260   1              /*for(aa=1;aa<10;aa++)
 261   1              {
 262   1                      openwei(aa,0);
 263   1                      for(bc=0;bc<11;bc++)
 264   1                      {
 265   1                              openduan(aa,bc);
 266   1                              beed=1;
 267   1                              sleep(500);
 268   1                              openduan(aa,11);
 269   1                              beed=0;
 270   1                              sleep(20);
 271   1      
 272   1                      }
 273   1                      openwei(aa,1);  
 274   1              }               */
 275   1      }


MODULE INFORMATION:   STATIC OVERLAYABLE
   CODE SIZE        =    997    ----
   CONSTANT SIZE    =   ----    ----
   XDATA SIZE       =   ----    ----
   PDATA SIZE       =   ----    ----
   DATA SIZE        =   ----    ----
   IDATA SIZE       =   ----    ----
   BIT SIZE         =   ----    ----
END OF MODULE INFORMATION.


C51 COMPILATION COMPLETE.  0 WARNING(S),  0 ERROR(S)
